<?xml version="1.0" encoding="UTF-8"?>
<testng-results ignored="2" total="3" passed="1" failed="0" skipped="0">
  <reporter-output>
  </reporter-output>
  <suite started-at="2022-12-05T09:22:48 IST" name="Default suite" finished-at="2022-12-05T09:23:12 IST" duration-ms="24412">
    <groups>
    </groups>
    <test started-at="2022-12-05T09:22:48 IST" name="Default test" finished-at="2022-12-05T09:23:12 IST" duration-ms="24412">
      <class name="testSuite.Meradla">
        <test-method is-config="true" signature="setup()[pri:0, instance:testSuite.Meradla@1af2d44a]" started-at="2022-12-05T09:22:48 IST" name="setup" finished-at="2022-12-05T09:22:55 IST" duration-ms="6859" status="PASS">
          <reporter-output>
          </reporter-output>
        </test-method> <!-- setup -->
        <test-method signature="login()[pri:2, instance:testSuite.Meradla@1af2d44a]" started-at="2022-12-05T09:22:55 IST" name="login" finished-at="2022-12-05T09:23:12 IST" duration-ms="17479" status="PASS">
          <reporter-output>
          </reporter-output>
        </test-method> <!-- login -->
        <test-method is-config="true" signature="tearDown()[pri:0, instance:testSuite.Meradla@1af2d44a]" started-at="2022-12-05T09:23:13 IST" name="tearDown" finished-at="2022-12-05T09:23:14 IST" duration-ms="1299" status="PASS">
          <reporter-output>
          </reporter-output>
        </test-method> <!-- tearDown -->
      </class> <!-- testSuite.Meradla -->
    </test> <!-- Default test -->
  </suite> <!-- Default suite -->
</testng-results>
