<?xml version="1.0" encoding="UTF-8"?>
<!-- Generated by org.testng.reporters.JUnitXMLReporter -->
<testsuite ignored="2" hostname="DESKTOP-CVFG4A0" failures="0" tests="1" name="Default test" time="24.412" errors="0" timestamp="2022-12-05T09:23:12 IST">
  <testcase classname="testSuite.Meradla" name="login" time="17.479"/>
  <testcase classname="testSuite.Meradla" name="registration" time="0.0">
    <ignored/>
  </testcase> <!-- registration -->
  <testcase classname="testSuite.Meradla" name="logout" time="0.0">
    <ignored/>
  </testcase> <!-- logout -->
</testsuite> <!-- Default test -->
